生成启动时间为 2018/5/28 17:31:58。
     1>项目“C:\Users\xjtu\Desktop\C++\bit\bit\bit.vcxproj”在节点 2 上(build 个目标)。
     1>InitializeBuildStatus:
         正在创建“Debug\bit.unsuccessfulbuild”，因为已指定“AlwaysCreate”。
       ClCompile:
         所有输出均为最新。
         C:\Program Files (x86)\Microsoft Visual Studio 10.0\VC\bin\CL.exe /c /ZI /nologo /W3 /WX- /Od /Oy- /D WIN32 /D _DEBUG /D _CONSOLE /D _UNICODE /D UNICODE /Gm /EHsc /RTC1 /MDd /GS /fp:precise /Zc:wchar_t /Zc:forScope /Yu"StdAfx.h" /Fp"Debug\bit.pch" /Fo"Debug\\" /Fd"Debug\vc100.pdb" /Gd /TP /analyze- /errorReport:prompt bit.cpp
         bit.cpp
     1>c:\users\xjtu\desktop\c++\bit\bit\bit.cpp(12): warning C4244: “参数”: 从“double”转换到“int”，可能丢失数据
     1>c:\users\xjtu\desktop\c++\bit\bit\bit.cpp(12): warning C4996: 'itoa': The POSIX name for this item is deprecated. Instead, use the ISO C++ conformant name: _itoa. See online help for details.
                 c:\program files (x86)\microsoft visual studio 10.0\vc\include\stdlib.h(867) : 参见“itoa”的声明
       ManifestResourceCompile:
         所有输出均为最新。
       Link:
         C:\Program Files (x86)\Microsoft Visual Studio 10.0\VC\bin\link.exe /ERRORREPORT:PROMPT /OUT:"C:\Users\xjtu\Desktop\C++\bit\Debug\bit.exe" /INCREMENTAL /NOLOGO opencv_calib3d2410d.lib opencv_contrib2410d.lib opencv_core2410d.lib opencv_features2d2410d.lib opencv_flann2410d.lib opencv_gpu2410d.lib opencv_highgui2410d.lib opencv_imgproc2410d.lib opencv_legacy2410d.lib opencv_ml2410d.lib opencv_nonfree2410d.lib opencv_objdetect2410d.lib opencv_ocl2410d.lib opencv_photo2410d.lib opencv_stitching2410d.lib opencv_superres2410d.lib opencv_video2410d.lib opencv_videostab2410d.lib opencv_calib3d2410.lib opencv_contrib2410.lib opencv_core2410.lib opencv_features2d2410.lib opencv_flann2410.lib opencv_gpu2410.lib opencv_highgui2410.lib opencv_imgproc2410.lib opencv_legacy2410.lib opencv_ml2410.lib opencv_nonfree2410.lib opencv_objdetect2410.lib opencv_ocl2410.lib opencv_photo2410.lib opencv_stitching2410.lib opencv_superres2410.lib opencv_ts2410.lib opencv_video2410.lib opencv_videostab2410.lib kernel32.lib user32.lib gdi32.lib winspool.lib comdlg32.lib advapi32.lib shell32.lib ole32.lib oleaut32.lib uuid.lib odbc32.lib odbccp32.lib /MANIFEST /ManifestFile:"Debug\bit.exe.intermediate.manifest" /MANIFESTUAC:"level='asInvoker' uiAccess='false'" /DEBUG /PDB:"C:\Users\xjtu\Desktop\C++\bit\Debug\bit.pdb" /SUBSYSTEM:CONSOLE /TLBID:1 /DYNAMICBASE /NXCOMPAT /IMPLIB:"C:\Users\xjtu\Desktop\C++\bit\Debug\bit.lib" /MACHINE:X86 Debug\bit.exe.embed.manifest.res
         Debug\bit.obj
         Debug\stdafx.obj
       Manifest:
         C:\Program Files (x86)\Microsoft SDKs\Windows\v7.0A\bin\mt.exe /nologo /verbose /out:"Debug\bit.exe.embed.manifest" /manifest Debug\bit.exe.intermediate.manifest
         所有输出均为最新。
       LinkEmbedManifest:
         所有输出均为最新。
         bit.vcxproj -> C:\Users\xjtu\Desktop\C++\bit\Debug\bit.exe
       FinalizeBuildStatus:
         正在删除文件“Debug\bit.unsuccessfulbuild”。
         正在对“Debug\bit.lastbuildstate”执行 Touch 任务。
     1>已完成生成项目“C:\Users\xjtu\Desktop\C++\bit\bit\bit.vcxproj”(build 个目标)的操作。

生成成功。

已用时间 00:00:01.32
